Fetching registry information from https://github.com/microsoft/vcpkg (HEAD)...
Detecting compiler hash for triplet x64-linux...
Compiler found: /usr/bin/c++
The following packages will be built and installed:
    fmt:x64-linux@7.1.3 -- git+https://github.com/microsoft/vcpkg@dd8cf5e1a2dce2680189a0744102d4b0f1cfb8b6
  * vcpkg-cmake:x64-linux@2024-04-23 -- git+https://github.com/microsoft/vcpkg@e74aa1e8f93278a8e71372f1fa08c3df420eb840
    zlib:x64-linux@1.3.1 -- git+https://github.com/microsoft/vcpkg@3f05e04b9aededb96786a911a16193cdb711f0c9
Additional packages (*) will be modified to complete this operation.
Restored 3 package(s) from /home/jason/.cache/vcpkg/archives in 27.2 ms. Use --debug to see more details.
Installing 1/3 fmt:x64-linux@7.1.3...
Elapsed time to handle fmt:x64-linux: 1.38 ms
fmt:x64-linux package ABI: 58479f1b0b19b33328195f94fc2a8739b4f844ae64da3917e71bd569797ffc0d
Installing 2/3 vcpkg-cmake:x64-linux@2024-04-23...
Elapsed time to handle vcpkg-cmake:x64-linux: 309 us
vcpkg-cmake:x64-linux package ABI: 32b9684c66c43e444f6913e4cf7f56946bd88f44bfc0d31b74da46072025b7b0
Installing 3/3 zlib:x64-linux@1.3.1...
Elapsed time to handle zlib:x64-linux: 371 us
zlib:x64-linux package ABI: 4c1b4b8bb341e6a4769a1a67e5dbb0c65ebad33627a708d1cbe502daaba75129
Total install time: 2.26 ms
The package fmt provides CMake targets:

    find_package(fmt CONFIG REQUIRED)
    target_link_libraries(main PRIVATE fmt::fmt)

    # Or use the header-only version
    target_link_libraries(main PRIVATE fmt::fmt-header-only)

The package zlib is compatible with built-in CMake targets:

    find_package(ZLIB REQUIRED)
    target_link_libraries(main PRIVATE ZLIB::ZLIB)

